# JRE version: Java(TM) SE Runtime Environment (8.0_73-b02) (build 1.8.0_73-b02)
# Java VM: Java HotSpot(TM) 64-Bit Server VM (25.73-b02 mixed mode windows-amd64 compressed oops)
Heap:
 PSYoungGen      total 18944K, used 14665K [0x00000000eab00000, 0x00000000ec000000, 0x0000000100000000)
  eden space 16384K, 73% used [0x00000000eab00000,0x00000000eb6d6688,0x00000000ebb00000)
  from space 2560K, 99% used [0x00000000ebd80000,0x00000000ebffc028,0x00000000ec000000)
  to   space 2560K, 0% used [0x00000000ebb00000,0x00000000ebb00000,0x00000000ebd80000)
 ParOldGen       total 33280K, used 3099K [0x00000000c0000000, 0x00000000c2080000, 0x00000000eab00000)
  object space 33280K, 9% used [0x00000000c0000000,0x00000000c0306cc0,0x00000000c2080000)
 Metaspace       used 6065K, capacity 6964K, committed 7040K, reserved 1058816K
  class space    used 602K, capacity 620K, committed 640K, reserved 1048576K
GC Heap History (6 events):
Event: 1.333 GC heap before
{Heap before GC invocations=1 (full 0):
 PSYoungGen      total 18944K, used 8251K [0x00000000eab00000, 0x00000000ec000000, 0x0000000100000000)
  eden space 16384K, 50% used [0x00000000eab00000,0x00000000eb30ec58,0x00000000ebb00000)
  from space 2560K, 0% used [0x00000000ebd80000,0x00000000ebd80000,0x00000000ec000000)
  to   space 2560K, 0% used [0x00000000ebb00000,0x00000000ebb00000,0x00000000ebd80000)
 ParOldGen       total 44032K, used 0K [0x00000000c0000000, 0x00000000c2b00000, 0x00000000eab00000)
  object space 44032K, 0% used [0x00000000c0000000,0x00000000c0000000,0x00000000c2b00000)
 Metaspace       used 4578K, capacity 5584K, committed 5760K, reserved 1060864K
  class space    used 500K, capacity 520K, committed 640K, reserved 1048576K
Event: 1.347 GC heap after
Heap after GC invocations=1 (full 0):
 PSYoungGen      total 18944K, used 2395K [0x00000000eab00000, 0x00000000ec000000, 0x0000000100000000)
  eden space 16384K, 0% used [0x00000000eab00000,0x00000000eab00000,0x00000000ebb00000)
  from space 2560K, 93% used [0x00000000ebb00000,0x00000000ebd56de0,0x00000000ebd80000)
  to   space 2560K, 0% used [0x00000000ebd80000,0x00000000ebd80000,0x00000000ec000000)
 ParOldGen       total 44032K, used 8K [0x00000000c0000000, 0x00000000c2b00000, 0x00000000eab00000)
  object space 44032K, 0% used [0x00000000c0000000,0x00000000c0002000,0x00000000c2b00000)
 Metaspace       used 4578K, capacity 5584K, committed 5760K, reserved 1060864K
  class space    used 500K, capacity 520K, committed 640K, reserved 1048576K
}
Event: 1.347 GC heap before
{Heap before GC invocations=2 (full 1):
 PSYoungGen      total 18944K, used 2395K [0x00000000eab00000, 0x00000000ec000000, 0x0000000100000000)
  eden space 16384K, 0% used [0x00000000eab00000,0x00000000eab00000,0x00000000ebb00000)
  from space 2560K, 93% used [0x00000000ebb00000,0x00000000ebd56de0,0x00000000ebd80000)
  to   space 2560K, 0% used [0x00000000ebd80000,0x00000000ebd80000,0x00000000ec000000)
 ParOldGen       total 44032K, used 8K [0x00000000c0000000, 0x00000000c2b00000, 0x00000000eab00000)
  object space 44032K, 0% used [0x00000000c0000000,0x00000000c0002000,0x00000000c2b00000)
 Metaspace       used 4578K, capacity 5584K, committed 5760K, reserved 1060864K
  class space    used 500K, capacity 520K, committed 640K, reserved 1048576K
Event: 1.438 GC heap after
Heap after GC invocations=2 (full 1):
 PSYoungGen      total 18944K, used 0K [0x00000000eab00000, 0x00000000ec000000, 0x0000000100000000)
  eden space 16384K, 0% used [0x00000000eab00000,0x00000000eab00000,0x00000000ebb00000)
  from space 2560K, 0% used [0x00000000ebb00000,0x00000000ebb00000,0x00000000ebd80000)
  to   space 2560K, 0% used [0x00000000ebd80000,0x00000000ebd80000,0x00000000ec000000)
 ParOldGen       total 33280K, used 2210K [0x00000000c0000000, 0x00000000c2080000, 0x00000000eab00000)
  object space 33280K, 6% used [0x00000000c0000000,0x00000000c0228800,0x00000000c2080000)
 Metaspace       used 4578K, capacity 5584K, committed 5760K, reserved 1058816K
  class space    used 500K, capacity 520K, committed 640K, reserved 1048576K
}
Event: 2.650 GC heap before
{Heap before GC invocations=3 (full 1):
 PSYoungGen      total 18944K, used 16384K [0x00000000eab00000, 0x00000000ec000000, 0x0000000100000000)
  eden space 16384K, 100% used [0x00000000eab00000,0x00000000ebb00000,0x00000000ebb00000)
  from space 2560K, 0% used [0x00000000ebb00000,0x00000000ebb00000,0x00000000ebd80000)
  to   space 2560K, 0% used [0x00000000ebd80000,0x00000000ebd80000,0x00000000ec000000)
 ParOldGen       total 33280K, used 2210K [0x00000000c0000000, 0x00000000c2080000, 0x00000000eab00000)
  object space 33280K, 6% used [0x00000000c0000000,0x00000000c0228800,0x00000000c2080000)
 Metaspace       used 5967K, capacity 6836K, committed 7040K, reserved 1058816K
  class space    used 602K, capacity 620K, committed 640K, reserved 1048576K
Event: 2.788 GC heap after
Heap after GC invocations=3 (full 1):
 PSYoungGen      total 18944K, used 2544K [0x00000000eab00000, 0x00000000ec000000, 0x0000000100000000)
  eden space 16384K, 0% used [0x00000000eab00000,0x00000000eab00000,0x00000000ebb00000)
  from space 2560K, 99% used [0x00000000ebd80000,0x00000000ebffc028,0x00000000ec000000)
  to   space 2560K, 0% used [0x00000000ebb00000,0x00000000ebb00000,0x00000000ebd80000)
 ParOldGen       total 33280K, used 3099K [0x00000000c0000000, 0x00000000c2080000, 0x00000000eab00000)
  object space 33280K, 9% used [0x00000000c0000000,0x00000000c0306cc0,0x00000000c2080000)
 Metaspace       used 5967K, capacity 6836K, committed 7040K, reserved 1058816K
  class space    used 602K, capacity 620K, committed 640K, reserved 1048576K
}

